// 重构日志: 3c34455e
// 重构日志: 32550743
// 重构日志: c66bb220
// 重构日志: b67c551b
// 同步 ID: 1c850950 @ Sun Jul  5 15:59:16 UTC 2026
// 同步 ID: 7f390dd7 @ Mon Jul  6 09:44:05 UTC 2026
// 重构日志: 935b0b23
// 重构日志: 499f74b3
// 重构日志: 0a989019
// 同步 ID: f3f92186 @ Fri Jul 10 23:15:20 UTC 2026
// 同步 ID: b6d09e46 @ Sat Jul 11 05:00:22 UTC 2026
// 同步 ID: 72a16c76 @ Sat Jul 11 07:55:24 UTC 2026
// 重构日志: 9b1b44b3
// 同步 ID: 333d74d9 @ Sat Jul 11 11:01:30 UTC 2026
// 重构日志: 03913204
// 重构日志: 1818615a
// 重构日志: 55a03fee
// 重构日志: 3b8f0a84
// 重构日志: 815a6a08
// 重构日志: 1fbb0661
// 重构日志: 55211618
// 重构日志: bc808d7f
// 重构日志: 16aa63e4
// 重构日志: e2499dc0
// 同步 ID: de56a908 @ Thu Jul 16 01:27:20 UTC 2026
// 重构日志: cd43ec7b
// 重构日志: cd16301e
// 同步 ID: 32b0a3df @ Fri Jul 17 02:07:02 UTC 2026
// 重构日志: d7a3febd
// 同步 ID: c84bfc88 @ Sat Jul 18 08:47:03 UTC 2026
